<?xml version="1.0" encoding="UTF-8"?>
<!-- Generated by org.testng.reporters.JUnitXMLReporter -->
<testsuite ignored="1" hostname="Shashis-MBP" failures="0" tests="1" name="Default test" time="0.025" errors="0" timestamp="2020-11-19T17:42:52 CST">
  <testcase classname="qaclickacademy.Mavenjava.AppiumTest" name="osTest" time="0.005"/>
  <testcase classname="qaclickacademy.Mavenjava.AppiumTest" name="androidTest" time="0.0">
    <ignored/>
  </testcase> <!-- androidTest -->
</testsuite> <!-- Default test -->
