<?xml version="1.0" encoding="UTF-8"?>
<!-- Generated by org.testng.reporters.JUnitXMLReporter -->
<testsuite ignored="1" hostname="Shashis-MBP" failures="0" tests="5" name="Command line test" time="0.023" errors="0" timestamp="2020-11-20T08:18:09 CST">
  <testcase classname="qaclickacademy.Mavenjava.AppiumTest" name="androidTest" time="0.003"/>
  <testcase classname="qaclickacademy.Mavenjava.AppiumTest" name="osTest" time="0.0"/>
  <testcase classname="qaclickacademy.Mavenjava.SeleniumTest" name="elementTest" time="0.0"/>
  <testcase classname="qaclickacademy.Mavenjava.RESTAPITest" name="getRequest" time="0.0"/>
  <testcase classname="qaclickacademy.Mavenjava.RESTAPITest" name="getResponse" time="0.0"/>
  <testcase classname="qaclickacademy.Mavenjava.SeleniumTest" name="browserAutomation" time="0.0">
    <ignored/>
  </testcase> <!-- browserAutomation -->
</testsuite> <!-- Command line test -->
