<?xml version="1.0" encoding="UTF-8"?>
<!-- Generated by org.testng.reporters.JUnitXMLReporter -->
<testsuite ignored="4" hostname="Shashis-MBP" failures="0" tests="2" name="Test" time="0.026" errors="0" timestamp="2020-11-20T08:27:30 CST">
  <testcase classname="qaclickacademy.Mavenjava.RESTAPITest" name="getResponse" time="0.003"/>
  <testcase classname="qaclickacademy.Mavenjava.SeleniumTest" name="elementTest" time="0.0"/>
  <testcase classname="qaclickacademy.Mavenjava.RESTAPITest" name="getRequest" time="0.0">
    <ignored/>
  </testcase> <!-- getRequest -->
  <testcase classname="qaclickacademy.Mavenjava.AppiumTest" name="osTest" time="0.0">
    <ignored/>
  </testcase> <!-- osTest -->
  <testcase classname="qaclickacademy.Mavenjava.AppiumTest" name="androidTest" time="0.0">
    <ignored/>
  </testcase> <!-- androidTest -->
  <testcase classname="qaclickacademy.Mavenjava.SeleniumTest" name="browserAutomation" time="0.0">
    <ignored/>
  </testcase> <!-- browserAutomation -->
</testsuite> <!-- Test -->
