<?xml version="1.0" encoding="UTF-8"?>
<testng-results ignored="4" total="6" passed="2" failed="0" skipped="0">
  <reporter-output>
  </reporter-output>
  <suite started-at="2020-11-20T08:27:30 CST" name="Suite" finished-at="2020-11-20T08:27:30 CST" duration-ms="26">
    <groups>
      <group name="Smoke">
        <method signature="RESTAPITest.getResponse()[pri:0, instance:qaclickacademy.Mavenjava.RESTAPITest@453da22c]" name="getResponse" class="qaclickacademy.Mavenjava.RESTAPITest"/>
        <method signature="SeleniumTest.elementTest()[pri:0, instance:qaclickacademy.Mavenjava.SeleniumTest@71248c21]" name="elementTest" class="qaclickacademy.Mavenjava.SeleniumTest"/>
      </group> <!-- Smoke -->
    </groups>
    <test started-at="2020-11-20T08:27:30 CST" name="Test" finished-at="2020-11-20T08:27:30 CST" duration-ms="26">
      <class name="qaclickacademy.Mavenjava.RESTAPITest">
        <test-method signature="getResponse()[pri:0, instance:qaclickacademy.Mavenjava.RESTAPITest@453da22c]" started-at="2020-11-20T08:27:30 CST" name="getResponse" finished-at="2020-11-20T08:27:30 CST" duration-ms="3" status="PASS">
          <reporter-output>
          </reporter-output>
        </test-method> <!-- getResponse -->
      </class> <!-- qaclickacademy.Mavenjava.RESTAPITest -->
      <class name="qaclickacademy.Mavenjava.SeleniumTest">
        <test-method signature="elementTest()[pri:0, instance:qaclickacademy.Mavenjava.SeleniumTest@71248c21]" started-at="2020-11-20T08:27:30 CST" name="elementTest" finished-at="2020-11-20T08:27:30 CST" duration-ms="0" status="PASS">
          <reporter-output>
          </reporter-output>
        </test-method> <!-- elementTest -->
      </class> <!-- qaclickacademy.Mavenjava.SeleniumTest -->
    </test> <!-- Test -->
  </suite> <!-- Suite -->
</testng-results>
