<?xml version="1.0" encoding="UTF-8"?>
<testsuite xmlns:xsi="http://www.w3.org/2001/XMLSchema-instance" xsi:noNamespaceSchemaLocation="https://maven.apache.org/surefire/maven-surefire-plugin/xsd/surefire-test-report.xsd" name="TestSuite" time="0.259" tests="2" errors="0" skipped="0" failures="0">
  <properties>
[...]
</properties>
  <testcase name="getResponse" classname="qaclickacademy.Mavenjava.RESTAPITest" time="0.003"/>
  <testcase name="elementTest" classname="qaclickacademy.Mavenjava.SeleniumTest" time="0"/>
</testsuite>