<?xml version="1.0" encoding="UTF-8"?>
<testng-results ignored="1" total="2" passed="1" failed="0" skipped="0">
  <reporter-output>
  </reporter-output>
  <suite started-at="2020-11-19T17:42:52 CST" name="Default suite" finished-at="2020-11-19T17:42:52 CST" duration-ms="25">
    <groups>
    </groups>
    <test started-at="2020-11-19T17:42:52 CST" name="Default test" finished-at="2020-11-19T17:42:52 CST" duration-ms="25">
      <class name="qaclickacademy.Mavenjava.AppiumTest">
        <test-method signature="osTest()[pri:0, instance:qaclickacademy.Mavenjava.AppiumTest@2145433b]" started-at="2020-11-19T17:42:52 CST" name="osTest" finished-at="2020-11-19T17:42:52 CST" duration-ms="5" status="PASS">
          <reporter-output>
          </reporter-output>
        </test-method> <!-- osTest -->
      </class> <!-- qaclickacademy.Mavenjava.AppiumTest -->
    </test> <!-- Default test -->
  </suite> <!-- Default suite -->
</testng-results>
